[INFO  - 2019-07-23T03:19:46.180Z] GhostDriver - Main - running on port 39218
[INFO  - 2019-07-23T03:19:47.127Z] Session [b93cfec0-acf8-11e9-8bb1-81f922b76618] - page.settings - {"XSSAuditingEnabled":false,"javascriptCanCloseWindows":true,"javascriptCanOpenWindows":true,"javascriptEnabled":true,"loadImages":true,"localToRemoteUrlAccessEnabled":false,"userAgent":"Mozilla/5.0 (Windows NT 6.2; WOW64) AppleWebKit/538.1 (KHTML, like Gecko) PhantomJS/2.1.1 Safari/538.1","webSecurityEnabled":true}
[INFO  - 2019-07-23T03:19:47.127Z] Session [b93cfec0-acf8-11e9-8bb1-81f922b76618] - page.customHeaders:  - {}
[INFO  - 2019-07-23T03:19:47.128Z] Session [b93cfec0-acf8-11e9-8bb1-81f922b76618] - Session.negotiatedCapabilities - {"browserName":"phantomjs","version":"2.1.1","driverName":"ghostdriver","driverVersion":"1.2.0","platform":"windows-10-32bit","javascriptEnabled":true,"takesScreenshot":true,"handlesAlerts":false,"databaseEnabled":false,"locationContextEnabled":false,"applicationCacheEnabled":false,"browserConnectionEnabled":false,"cssSelectorsEnabled":true,"webStorageEnabled":false,"rotatable":false,"acceptSslCerts":false,"nativeEvents":true,"proxy":{"proxyType":"direct"}}
[INFO  - 2019-07-23T03:19:47.128Z] SessionManagerReqHand - _postNewSessionCommand - New Session Created: b93cfec0-acf8-11e9-8bb1-81f922b76618
[INFO  - 2019-07-23T03:19:56.806Z] ShutdownReqHand - _handle - About to shutdown
[INFO  - 2019-07-23T03:25:32.387Z] GhostDriver - Main - running on port 9729
[INFO  - 2019-07-23T03:25:33.494Z] Session [87b08ec0-acf9-11e9-ad66-59ca2625dd09] - page.settings - {"XSSAuditingEnabled":false,"javascriptCanCloseWindows":true,"javascriptCanOpenWindows":true,"javascriptEnabled":true,"loadImages":true,"localToRemoteUrlAccessEnabled":false,"userAgent":"Mozilla/5.0 (Windows NT 6.2; WOW64) AppleWebKit/538.1 (KHTML, like Gecko) PhantomJS/2.1.1 Safari/538.1","webSecurityEnabled":true}
[INFO  - 2019-07-23T03:25:33.494Z] Session [87b08ec0-acf9-11e9-ad66-59ca2625dd09] - page.customHeaders:  - {}
[INFO  - 2019-07-23T03:25:33.495Z] Session [87b08ec0-acf9-11e9-ad66-59ca2625dd09] - Session.negotiatedCapabilities - {"browserName":"phantomjs","version":"2.1.1","driverName":"ghostdriver","driverVersion":"1.2.0","platform":"windows-10-32bit","javascriptEnabled":true,"takesScreenshot":true,"handlesAlerts":false,"databaseEnabled":false,"locationContextEnabled":false,"applicationCacheEnabled":false,"browserConnectionEnabled":false,"cssSelectorsEnabled":true,"webStorageEnabled":false,"rotatable":false,"acceptSslCerts":false,"nativeEvents":true,"proxy":{"proxyType":"direct"}}
[INFO  - 2019-07-23T03:25:33.495Z] SessionManagerReqHand - _postNewSessionCommand - New Session Created: 87b08ec0-acf9-11e9-ad66-59ca2625dd09
[INFO  - 2019-07-23T03:25:38.254Z] ShutdownReqHand - _handle - About to shutdown
[INFO  - 2019-07-23T03:27:29.356Z] GhostDriver - Main - running on port 34773
[INFO  - 2019-07-23T03:27:29.821Z] Session [cd06a630-acf9-11e9-9e87-cb08769b6133] - page.settings - {"XSSAuditingEnabled":false,"javascriptCanCloseWindows":true,"javascriptCanOpenWindows":true,"javascriptEnabled":true,"loadImages":true,"localToRemoteUrlAccessEnabled":false,"userAgent":"Mozilla/5.0 (Windows NT 6.2; WOW64) AppleWebKit/538.1 (KHTML, like Gecko) PhantomJS/2.1.1 Safari/538.1","webSecurityEnabled":true}
[INFO  - 2019-07-23T03:27:29.821Z] Session [cd06a630-acf9-11e9-9e87-cb08769b6133] - page.customHeaders:  - {}
[INFO  - 2019-07-23T03:27:29.821Z] Session [cd06a630-acf9-11e9-9e87-cb08769b6133] - Session.negotiatedCapabilities - {"browserName":"phantomjs","version":"2.1.1","driverName":"ghostdriver","driverVersion":"1.2.0","platform":"windows-10-32bit","javascriptEnabled":true,"takesScreenshot":true,"handlesAlerts":false,"databaseEnabled":false,"locationContextEnabled":false,"applicationCacheEnabled":false,"browserConnectionEnabled":false,"cssSelectorsEnabled":true,"webStorageEnabled":false,"rotatable":false,"acceptSslCerts":false,"nativeEvents":true,"proxy":{"proxyType":"direct"}}
[INFO  - 2019-07-23T03:27:29.822Z] SessionManagerReqHand - _postNewSessionCommand - New Session Created: cd06a630-acf9-11e9-9e87-cb08769b6133
[INFO  - 2019-07-23T03:27:35.211Z] ShutdownReqHand - _handle - About to shutdown
[INFO  - 2019-07-23T03:29:39.347Z] GhostDriver - Main - running on port 34947
[INFO  - 2019-07-23T03:29:40.442Z] Session [1ae1d500-acfa-11e9-bdfb-c58c602b6611] - page.settings - {"XSSAuditingEnabled":false,"javascriptCanCloseWindows":true,"javascriptCanOpenWindows":true,"javascriptEnabled":true,"loadImages":true,"localToRemoteUrlAccessEnabled":false,"userAgent":"Mozilla/5.0 (Windows NT 6.2; WOW64) AppleWebKit/538.1 (KHTML, like Gecko) PhantomJS/2.1.1 Safari/538.1","webSecurityEnabled":true}
[INFO  - 2019-07-23T03:29:40.442Z] Session [1ae1d500-acfa-11e9-bdfb-c58c602b6611] - page.customHeaders:  - {}
[INFO  - 2019-07-23T03:29:40.442Z] Session [1ae1d500-acfa-11e9-bdfb-c58c602b6611] - Session.negotiatedCapabilities - {"browserName":"phantomjs","version":"2.1.1","driverName":"ghostdriver","driverVersion":"1.2.0","platform":"windows-10-32bit","javascriptEnabled":true,"takesScreenshot":true,"handlesAlerts":false,"databaseEnabled":false,"locationContextEnabled":false,"applicationCacheEnabled":false,"browserConnectionEnabled":false,"cssSelectorsEnabled":true,"webStorageEnabled":false,"rotatable":false,"acceptSslCerts":false,"nativeEvents":true,"proxy":{"proxyType":"direct"}}
[INFO  - 2019-07-23T03:29:40.443Z] SessionManagerReqHand - _postNewSessionCommand - New Session Created: 1ae1d500-acfa-11e9-bdfb-c58c602b6611
[INFO  - 2019-07-23T03:29:45.524Z] ShutdownReqHand - _handle - About to shutdown
[INFO  - 2019-07-23T03:30:38.865Z] GhostDriver - Main - running on port 34738
[INFO  - 2019-07-23T03:30:39.829Z] Session [3e4791b0-acfa-11e9-b0cb-6900e4978896] - page.settings - {"XSSAuditingEnabled":false,"javascriptCanCloseWindows":true,"javascriptCanOpenWindows":true,"javascriptEnabled":true,"loadImages":true,"localToRemoteUrlAccessEnabled":false,"userAgent":"Mozilla/5.0 (Windows NT 6.2; WOW64) AppleWebKit/538.1 (KHTML, like Gecko) PhantomJS/2.1.1 Safari/538.1","webSecurityEnabled":true}
[INFO  - 2019-07-23T03:30:39.830Z] Session [3e4791b0-acfa-11e9-b0cb-6900e4978896] - page.customHeaders:  - {}
[INFO  - 2019-07-23T03:30:39.830Z] Session [3e4791b0-acfa-11e9-b0cb-6900e4978896] - Session.negotiatedCapabilities - {"browserName":"phantomjs","version":"2.1.1","driverName":"ghostdriver","driverVersion":"1.2.0","platform":"windows-10-32bit","javascriptEnabled":true,"takesScreenshot":true,"handlesAlerts":false,"databaseEnabled":false,"locationContextEnabled":false,"applicationCacheEnabled":false,"browserConnectionEnabled":false,"cssSelectorsEnabled":true,"webStorageEnabled":false,"rotatable":false,"acceptSslCerts":false,"nativeEvents":true,"proxy":{"proxyType":"direct"}}
[INFO  - 2019-07-23T03:30:39.830Z] SessionManagerReqHand - _postNewSessionCommand - New Session Created: 3e4791b0-acfa-11e9-b0cb-6900e4978896
[INFO  - 2019-07-23T03:30:44.661Z] ShutdownReqHand - _handle - About to shutdown
[INFO  - 2019-07-23T03:31:37.628Z] GhostDriver - Main - running on port 3571
[INFO  - 2019-07-23T03:31:38.170Z] Session [610db300-acfa-11e9-bcd6-d710c54d2efb] - page.settings - {"XSSAuditingEnabled":false,"javascriptCanCloseWindows":true,"javascriptCanOpenWindows":true,"javascriptEnabled":true,"loadImages":true,"localToRemoteUrlAccessEnabled":false,"userAgent":"Mozilla/5.0 (Windows NT 6.2; WOW64) AppleWebKit/538.1 (KHTML, like Gecko) PhantomJS/2.1.1 Safari/538.1","webSecurityEnabled":true}
[INFO  - 2019-07-23T03:31:38.170Z] Session [610db300-acfa-11e9-bcd6-d710c54d2efb] - page.customHeaders:  - {}
[INFO  - 2019-07-23T03:31:38.170Z] Session [610db300-acfa-11e9-bcd6-d710c54d2efb] - Session.negotiatedCapabilities - {"browserName":"phantomjs","version":"2.1.1","driverName":"ghostdriver","driverVersion":"1.2.0","platform":"windows-10-32bit","javascriptEnabled":true,"takesScreenshot":true,"handlesAlerts":false,"databaseEnabled":false,"locationContextEnabled":false,"applicationCacheEnabled":false,"browserConnectionEnabled":false,"cssSelectorsEnabled":true,"webStorageEnabled":false,"rotatable":false,"acceptSslCerts":false,"nativeEvents":true,"proxy":{"proxyType":"direct"}}
[INFO  - 2019-07-23T03:31:38.171Z] SessionManagerReqHand - _postNewSessionCommand - New Session Created: 610db300-acfa-11e9-bcd6-d710c54d2efb
[INFO  - 2019-07-23T03:31:43.651Z] ShutdownReqHand - _handle - About to shutdown
[INFO  - 2019-07-23T03:48:43.882Z] GhostDriver - Main - running on port 33192
[INFO  - 2019-07-23T03:48:44.675Z] Session [c4e6b1e0-acfc-11e9-a79c-575774659b3d] - page.settings - {"XSSAuditingEnabled":false,"javascriptCanCloseWindows":true,"javascriptCanOpenWindows":true,"javascriptEnabled":true,"loadImages":true,"localToRemoteUrlAccessEnabled":false,"userAgent":"Mozilla/5.0 (Windows NT 6.2; WOW64) AppleWebKit/538.1 (KHTML, like Gecko) PhantomJS/2.1.1 Safari/538.1","webSecurityEnabled":true}
[INFO  - 2019-07-23T03:48:44.675Z] Session [c4e6b1e0-acfc-11e9-a79c-575774659b3d] - page.customHeaders:  - {}
[INFO  - 2019-07-23T03:48:44.675Z] Session [c4e6b1e0-acfc-11e9-a79c-575774659b3d] - Session.negotiatedCapabilities - {"browserName":"phantomjs","version":"2.1.1","driverName":"ghostdriver","driverVersion":"1.2.0","platform":"windows-10-32bit","javascriptEnabled":true,"takesScreenshot":true,"handlesAlerts":false,"databaseEnabled":false,"locationContextEnabled":false,"applicationCacheEnabled":false,"browserConnectionEnabled":false,"cssSelectorsEnabled":true,"webStorageEnabled":false,"rotatable":false,"acceptSslCerts":false,"nativeEvents":true,"proxy":{"proxyType":"direct"}}
[INFO  - 2019-07-23T03:48:44.675Z] SessionManagerReqHand - _postNewSessionCommand - New Session Created: c4e6b1e0-acfc-11e9-a79c-575774659b3d
[INFO  - 2019-07-23T03:48:49.454Z] ShutdownReqHand - _handle - About to shutdown
[INFO  - 2019-07-23T03:52:06.338Z] GhostDriver - Main - running on port 36731
[INFO  - 2019-07-23T03:52:06.578Z] Session [3d3ea5d0-acfd-11e9-bbb1-ada7ab645762] - page.settings - {"XSSAuditingEnabled":false,"javascriptCanCloseWindows":true,"javascriptCanOpenWindows":true,"javascriptEnabled":true,"loadImages":true,"localToRemoteUrlAccessEnabled":false,"userAgent":"Mozilla/5.0 (Windows NT 6.2; WOW64) AppleWebKit/538.1 (KHTML, like Gecko) PhantomJS/2.1.1 Safari/538.1","webSecurityEnabled":true}
[INFO  - 2019-07-23T03:52:06.578Z] Session [3d3ea5d0-acfd-11e9-bbb1-ada7ab645762] - page.customHeaders:  - {}
[INFO  - 2019-07-23T03:52:06.578Z] Session [3d3ea5d0-acfd-11e9-bbb1-ada7ab645762] - Session.negotiatedCapabilities - {"browserName":"phantomjs","version":"2.1.1","driverName":"ghostdriver","driverVersion":"1.2.0","platform":"windows-10-32bit","javascriptEnabled":true,"takesScreenshot":true,"handlesAlerts":false,"databaseEnabled":false,"locationContextEnabled":false,"applicationCacheEnabled":false,"browserConnectionEnabled":false,"cssSelectorsEnabled":true,"webStorageEnabled":false,"rotatable":false,"acceptSslCerts":false,"nativeEvents":true,"proxy":{"proxyType":"direct"}}
[INFO  - 2019-07-23T03:52:06.579Z] SessionManagerReqHand - _postNewSessionCommand - New Session Created: 3d3ea5d0-acfd-11e9-bbb1-ada7ab645762
[INFO  - 2019-07-23T03:52:12.436Z] ShutdownReqHand - _handle - About to shutdown
[INFO  - 2019-07-23T03:54:20.420Z] GhostDriver - Main - running on port 14264
[INFO  - 2019-07-23T03:54:20.656Z] Session [8d2953b0-acfd-11e9-8d1b-b59d6119d4d9] - page.settings - {"XSSAuditingEnabled":false,"javascriptCanCloseWindows":true,"javascriptCanOpenWindows":true,"javascriptEnabled":true,"loadImages":true,"localToRemoteUrlAccessEnabled":false,"userAgent":"Mozilla/5.0 (Windows NT 6.2; WOW64) AppleWebKit/538.1 (KHTML, like Gecko) PhantomJS/2.1.1 Safari/538.1","webSecurityEnabled":true}
[INFO  - 2019-07-23T03:54:20.657Z] Session [8d2953b0-acfd-11e9-8d1b-b59d6119d4d9] - page.customHeaders:  - {}
[INFO  - 2019-07-23T03:54:20.657Z] Session [8d2953b0-acfd-11e9-8d1b-b59d6119d4d9] - Session.negotiatedCapabilities - {"browserName":"phantomjs","version":"2.1.1","driverName":"ghostdriver","driverVersion":"1.2.0","platform":"windows-10-32bit","javascriptEnabled":true,"takesScreenshot":true,"handlesAlerts":false,"databaseEnabled":false,"locationContextEnabled":false,"applicationCacheEnabled":false,"browserConnectionEnabled":false,"cssSelectorsEnabled":true,"webStorageEnabled":false,"rotatable":false,"acceptSslCerts":false,"nativeEvents":true,"proxy":{"proxyType":"direct"}}
[INFO  - 2019-07-23T03:54:20.657Z] SessionManagerReqHand - _postNewSessionCommand - New Session Created: 8d2953b0-acfd-11e9-8d1b-b59d6119d4d9
[INFO  - 2019-07-23T03:54:25.930Z] ShutdownReqHand - _handle - About to shutdown
[INFO  - 2019-07-23T04:00:39.247Z] GhostDriver - Main - running on port 7213
[INFO  - 2019-07-23T04:00:39.477Z] Session [6ef4d300-acfe-11e9-8c6f-f9a02de49918] - page.settings - {"XSSAuditingEnabled":false,"javascriptCanCloseWindows":true,"javascriptCanOpenWindows":true,"javascriptEnabled":true,"loadImages":true,"localToRemoteUrlAccessEnabled":false,"userAgent":"Mozilla/5.0 (Windows NT 6.2; WOW64) AppleWebKit/538.1 (KHTML, like Gecko) PhantomJS/2.1.1 Safari/538.1","webSecurityEnabled":true}
[INFO  - 2019-07-23T04:00:39.477Z] Session [6ef4d300-acfe-11e9-8c6f-f9a02de49918] - page.customHeaders:  - {}
[INFO  - 2019-07-23T04:00:39.478Z] Session [6ef4d300-acfe-11e9-8c6f-f9a02de49918] - Session.negotiatedCapabilities - {"browserName":"phantomjs","version":"2.1.1","driverName":"ghostdriver","driverVersion":"1.2.0","platform":"windows-10-32bit","javascriptEnabled":true,"takesScreenshot":true,"handlesAlerts":false,"databaseEnabled":false,"locationContextEnabled":false,"applicationCacheEnabled":false,"browserConnectionEnabled":false,"cssSelectorsEnabled":true,"webStorageEnabled":false,"rotatable":false,"acceptSslCerts":false,"nativeEvents":true,"proxy":{"proxyType":"direct"}}
[INFO  - 2019-07-23T04:00:39.478Z] SessionManagerReqHand - _postNewSessionCommand - New Session Created: 6ef4d300-acfe-11e9-8c6f-f9a02de49918
[INFO  - 2019-07-23T04:00:45.997Z] ShutdownReqHand - _handle - About to shutdown
[INFO  - 2019-07-23T04:01:25.360Z] GhostDriver - Main - running on port 27543
[INFO  - 2019-07-23T04:01:25.602Z] Session [8a72f0d0-acfe-11e9-8450-79a077876c65] - page.settings - {"XSSAuditingEnabled":false,"javascriptCanCloseWindows":true,"javascriptCanOpenWindows":true,"javascriptEnabled":true,"loadImages":true,"localToRemoteUrlAccessEnabled":false,"userAgent":"Mozilla/5.0 (Windows NT 6.2; WOW64) AppleWebKit/538.1 (KHTML, like Gecko) PhantomJS/2.1.1 Safari/538.1","webSecurityEnabled":true}
[INFO  - 2019-07-23T04:01:25.602Z] Session [8a72f0d0-acfe-11e9-8450-79a077876c65] - page.customHeaders:  - {}
[INFO  - 2019-07-23T04:01:25.602Z] Session [8a72f0d0-acfe-11e9-8450-79a077876c65] - Session.negotiatedCapabilities - {"browserName":"phantomjs","version":"2.1.1","driverName":"ghostdriver","driverVersion":"1.2.0","platform":"windows-10-32bit","javascriptEnabled":true,"takesScreenshot":true,"handlesAlerts":false,"databaseEnabled":false,"locationContextEnabled":false,"applicationCacheEnabled":false,"browserConnectionEnabled":false,"cssSelectorsEnabled":true,"webStorageEnabled":false,"rotatable":false,"acceptSslCerts":false,"nativeEvents":true,"proxy":{"proxyType":"direct"}}
[INFO  - 2019-07-23T04:01:25.603Z] SessionManagerReqHand - _postNewSessionCommand - New Session Created: 8a72f0d0-acfe-11e9-8450-79a077876c65
[INFO  - 2019-07-23T04:01:32.399Z] ShutdownReqHand - _handle - About to shutdown
[INFO  - 2019-07-23T04:19:03.666Z] GhostDriver - Main - running on port 36640
[INFO  - 2019-07-23T04:19:03.962Z] Session [01478e30-ad01-11e9-a62c-d15ebcb6484a] - page.settings - {"XSSAuditingEnabled":false,"javascriptCanCloseWindows":true,"javascriptCanOpenWindows":true,"javascriptEnabled":true,"loadImages":true,"localToRemoteUrlAccessEnabled":false,"userAgent":"Mozilla/5.0 (Windows NT 6.2; WOW64) AppleWebKit/538.1 (KHTML, like Gecko) PhantomJS/2.1.1 Safari/538.1","webSecurityEnabled":true}
[INFO  - 2019-07-23T04:19:03.962Z] Session [01478e30-ad01-11e9-a62c-d15ebcb6484a] - page.customHeaders:  - {}
[INFO  - 2019-07-23T04:19:03.962Z] Session [01478e30-ad01-11e9-a62c-d15ebcb6484a] - Session.negotiatedCapabilities - {"browserName":"phantomjs","version":"2.1.1","driverName":"ghostdriver","driverVersion":"1.2.0","platform":"windows-10-32bit","javascriptEnabled":true,"takesScreenshot":true,"handlesAlerts":false,"databaseEnabled":false,"locationContextEnabled":false,"applicationCacheEnabled":false,"browserConnectionEnabled":false,"cssSelectorsEnabled":true,"webStorageEnabled":false,"rotatable":false,"acceptSslCerts":false,"nativeEvents":true,"proxy":{"proxyType":"direct"}}
[INFO  - 2019-07-23T04:19:03.962Z] SessionManagerReqHand - _postNewSessionCommand - New Session Created: 01478e30-ad01-11e9-a62c-d15ebcb6484a
[INFO  - 2019-07-23T04:23:12.395Z] GhostDriver - Main - running on port 1215
[INFO  - 2019-07-23T04:23:12.689Z] Session [9588bdd0-ad01-11e9-b9d5-d387cc4907f2] - page.settings - {"XSSAuditingEnabled":false,"javascriptCanCloseWindows":true,"javascriptCanOpenWindows":true,"javascriptEnabled":true,"loadImages":true,"localToRemoteUrlAccessEnabled":false,"userAgent":"Mozilla/5.0 (Windows NT 6.2; WOW64) AppleWebKit/538.1 (KHTML, like Gecko) PhantomJS/2.1.1 Safari/538.1","webSecurityEnabled":true}
[INFO  - 2019-07-23T04:23:12.689Z] Session [9588bdd0-ad01-11e9-b9d5-d387cc4907f2] - page.customHeaders:  - {}
[INFO  - 2019-07-23T04:23:12.689Z] Session [9588bdd0-ad01-11e9-b9d5-d387cc4907f2] - Session.negotiatedCapabilities - {"browserName":"phantomjs","version":"2.1.1","driverName":"ghostdriver","driverVersion":"1.2.0","platform":"windows-10-32bit","javascriptEnabled":true,"takesScreenshot":true,"handlesAlerts":false,"databaseEnabled":false,"locationContextEnabled":false,"applicationCacheEnabled":false,"browserConnectionEnabled":false,"cssSelectorsEnabled":true,"webStorageEnabled":false,"rotatable":false,"acceptSslCerts":false,"nativeEvents":true,"proxy":{"proxyType":"direct"}}
[INFO  - 2019-07-23T04:23:12.689Z] SessionManagerReqHand - _postNewSessionCommand - New Session Created: 9588bdd0-ad01-11e9-b9d5-d387cc4907f2
[INFO  - 2019-07-23T04:23:30.302Z] GhostDriver - Main - running on port 39528
[INFO  - 2019-07-23T04:23:30.591Z] Session [a0345eb0-ad01-11e9-b47b-d5879c1ff4d8] - page.settings - {"XSSAuditingEnabled":false,"javascriptCanCloseWindows":true,"javascriptCanOpenWindows":true,"javascriptEnabled":true,"loadImages":true,"localToRemoteUrlAccessEnabled":false,"userAgent":"Mozilla/5.0 (Windows NT 6.2; WOW64) AppleWebKit/538.1 (KHTML, like Gecko) PhantomJS/2.1.1 Safari/538.1","webSecurityEnabled":true}
[INFO  - 2019-07-23T04:23:30.591Z] Session [a0345eb0-ad01-11e9-b47b-d5879c1ff4d8] - page.customHeaders:  - {}
[INFO  - 2019-07-23T04:23:30.592Z] Session [a0345eb0-ad01-11e9-b47b-d5879c1ff4d8] - Session.negotiatedCapabilities - {"browserName":"phantomjs","version":"2.1.1","driverName":"ghostdriver","driverVersion":"1.2.0","platform":"windows-10-32bit","javascriptEnabled":true,"takesScreenshot":true,"handlesAlerts":false,"databaseEnabled":false,"locationContextEnabled":false,"applicationCacheEnabled":false,"browserConnectionEnabled":false,"cssSelectorsEnabled":true,"webStorageEnabled":false,"rotatable":false,"acceptSslCerts":false,"nativeEvents":true,"proxy":{"proxyType":"direct"}}
[INFO  - 2019-07-23T04:23:30.592Z] SessionManagerReqHand - _postNewSessionCommand - New Session Created: a0345eb0-ad01-11e9-b47b-d5879c1ff4d8
[INFO  - 2019-07-23T04:23:40.224Z] ShutdownReqHand - _handle - About to shutdown
[INFO  - 2019-07-23T04:25:59.942Z] GhostDriver - Main - running on port 40975
[INFO  - 2019-07-23T04:26:00.270Z] Session [f96b6b90-ad01-11e9-9075-1d7454259426] - page.settings - {"XSSAuditingEnabled":false,"javascriptCanCloseWindows":true,"javascriptCanOpenWindows":true,"javascriptEnabled":true,"loadImages":true,"localToRemoteUrlAccessEnabled":false,"userAgent":"Mozilla/5.0 (Windows NT 6.2; WOW64) AppleWebKit/538.1 (KHTML, like Gecko) PhantomJS/2.1.1 Safari/538.1","webSecurityEnabled":true}
[INFO  - 2019-07-23T04:26:00.270Z] Session [f96b6b90-ad01-11e9-9075-1d7454259426] - page.customHeaders:  - {}
[INFO  - 2019-07-23T04:26:00.270Z] Session [f96b6b90-ad01-11e9-9075-1d7454259426] - Session.negotiatedCapabilities - {"browserName":"phantomjs","version":"2.1.1","driverName":"ghostdriver","driverVersion":"1.2.0","platform":"windows-10-32bit","javascriptEnabled":true,"takesScreenshot":true,"handlesAlerts":false,"databaseEnabled":false,"locationContextEnabled":false,"applicationCacheEnabled":false,"browserConnectionEnabled":false,"cssSelectorsEnabled":true,"webStorageEnabled":false,"rotatable":false,"acceptSslCerts":false,"nativeEvents":true,"proxy":{"proxyType":"direct"}}
[INFO  - 2019-07-23T04:26:00.270Z] SessionManagerReqHand - _postNewSessionCommand - New Session Created: f96b6b90-ad01-11e9-9075-1d7454259426
[INFO  - 2019-07-23T04:26:01.239Z] ShutdownReqHand - _handle - About to shutdown
[INFO  - 2019-07-23T04:34:35.393Z] GhostDriver - Main - running on port 33525
[INFO  - 2019-07-23T04:34:35.671Z] Session [2c9f8630-ad03-11e9-8f85-33abfbddd4c8] - page.settings - {"XSSAuditingEnabled":false,"javascriptCanCloseWindows":true,"javascriptCanOpenWindows":true,"javascriptEnabled":true,"loadImages":true,"localToRemoteUrlAccessEnabled":false,"userAgent":"Mozilla/5.0 (Windows NT 6.2; WOW64) AppleWebKit/538.1 (KHTML, like Gecko) PhantomJS/2.1.1 Safari/538.1","webSecurityEnabled":true}
[INFO  - 2019-07-23T04:34:35.671Z] Session [2c9f8630-ad03-11e9-8f85-33abfbddd4c8] - page.customHeaders:  - {}
[INFO  - 2019-07-23T04:34:35.671Z] Session [2c9f8630-ad03-11e9-8f85-33abfbddd4c8] - Session.negotiatedCapabilities - {"browserName":"phantomjs","version":"2.1.1","driverName":"ghostdriver","driverVersion":"1.2.0","platform":"windows-10-32bit","javascriptEnabled":true,"takesScreenshot":true,"handlesAlerts":false,"databaseEnabled":false,"locationContextEnabled":false,"applicationCacheEnabled":false,"browserConnectionEnabled":false,"cssSelectorsEnabled":true,"webStorageEnabled":false,"rotatable":false,"acceptSslCerts":false,"nativeEvents":true,"proxy":{"proxyType":"direct"}}
[INFO  - 2019-07-23T04:34:35.671Z] SessionManagerReqHand - _postNewSessionCommand - New Session Created: 2c9f8630-ad03-11e9-8f85-33abfbddd4c8
[INFO  - 2019-07-23T04:35:32.641Z] ShutdownReqHand - _handle - About to shutdown
[INFO  - 2019-07-23T04:36:49.625Z] GhostDriver - Main - running on port 43971
[INFO  - 2019-07-23T04:36:49.934Z] Session [7ca5f970-ad03-11e9-8233-c542e25c4e63] - page.settings - {"XSSAuditingEnabled":false,"javascriptCanCloseWindows":true,"javascriptCanOpenWindows":true,"javascriptEnabled":true,"loadImages":true,"localToRemoteUrlAccessEnabled":false,"userAgent":"Mozilla/5.0 (Windows NT 6.2; WOW64) AppleWebKit/538.1 (KHTML, like Gecko) PhantomJS/2.1.1 Safari/538.1","webSecurityEnabled":true}
[INFO  - 2019-07-23T04:36:49.934Z] Session [7ca5f970-ad03-11e9-8233-c542e25c4e63] - page.customHeaders:  - {}
[INFO  - 2019-07-23T04:36:49.934Z] Session [7ca5f970-ad03-11e9-8233-c542e25c4e63] - Session.negotiatedCapabilities - {"browserName":"phantomjs","version":"2.1.1","driverName":"ghostdriver","driverVersion":"1.2.0","platform":"windows-10-32bit","javascriptEnabled":true,"takesScreenshot":true,"handlesAlerts":false,"databaseEnabled":false,"locationContextEnabled":false,"applicationCacheEnabled":false,"browserConnectionEnabled":false,"cssSelectorsEnabled":true,"webStorageEnabled":false,"rotatable":false,"acceptSslCerts":false,"nativeEvents":true,"proxy":{"proxyType":"direct"}}
[INFO  - 2019-07-23T04:36:49.934Z] SessionManagerReqHand - _postNewSessionCommand - New Session Created: 7ca5f970-ad03-11e9-8233-c542e25c4e63
[INFO  - 2019-07-23T04:36:57.432Z] ShutdownReqHand - _handle - About to shutdown
[INFO  - 2019-07-23T04:40:36.733Z] GhostDriver - Main - running on port 19677
[INFO  - 2019-07-23T04:40:36.991Z] Session [03fc94b0-ad04-11e9-b995-1bc34c375678] - page.settings - {"XSSAuditingEnabled":false,"javascriptCanCloseWindows":true,"javascriptCanOpenWindows":true,"javascriptEnabled":true,"loadImages":true,"localToRemoteUrlAccessEnabled":false,"userAgent":"Mozilla/5.0 (Windows NT 6.2; WOW64) AppleWebKit/538.1 (KHTML, like Gecko) PhantomJS/2.1.1 Safari/538.1","webSecurityEnabled":true}
[INFO  - 2019-07-23T04:40:36.991Z] Session [03fc94b0-ad04-11e9-b995-1bc34c375678] - page.customHeaders:  - {}
[INFO  - 2019-07-23T04:40:36.991Z] Session [03fc94b0-ad04-11e9-b995-1bc34c375678] - Session.negotiatedCapabilities - {"browserName":"phantomjs","version":"2.1.1","driverName":"ghostdriver","driverVersion":"1.2.0","platform":"windows-10-32bit","javascriptEnabled":true,"takesScreenshot":true,"handlesAlerts":false,"databaseEnabled":false,"locationContextEnabled":false,"applicationCacheEnabled":false,"browserConnectionEnabled":false,"cssSelectorsEnabled":true,"webStorageEnabled":false,"rotatable":false,"acceptSslCerts":false,"nativeEvents":true,"proxy":{"proxyType":"direct"}}
[INFO  - 2019-07-23T04:40:36.992Z] SessionManagerReqHand - _postNewSessionCommand - New Session Created: 03fc94b0-ad04-11e9-b995-1bc34c375678
[INFO  - 2019-07-23T04:59:39.210Z] GhostDriver - Main - running on port 9142
[INFO  - 2019-07-23T04:59:39.496Z] Session [acf8db30-ad06-11e9-8b7b-47190872a9fc] - page.settings - {"XSSAuditingEnabled":false,"javascriptCanCloseWindows":true,"javascriptCanOpenWindows":true,"javascriptEnabled":true,"loadImages":true,"localToRemoteUrlAccessEnabled":false,"userAgent":"Mozilla/5.0 (Windows NT 6.2; WOW64) AppleWebKit/538.1 (KHTML, like Gecko) PhantomJS/2.1.1 Safari/538.1","webSecurityEnabled":true}
[INFO  - 2019-07-23T04:59:39.496Z] Session [acf8db30-ad06-11e9-8b7b-47190872a9fc] - page.customHeaders:  - {}
[INFO  - 2019-07-23T04:59:39.496Z] Session [acf8db30-ad06-11e9-8b7b-47190872a9fc] - Session.negotiatedCapabilities - {"browserName":"phantomjs","version":"2.1.1","driverName":"ghostdriver","driverVersion":"1.2.0","platform":"windows-10-32bit","javascriptEnabled":true,"takesScreenshot":true,"handlesAlerts":false,"databaseEnabled":false,"locationContextEnabled":false,"applicationCacheEnabled":false,"browserConnectionEnabled":false,"cssSelectorsEnabled":true,"webStorageEnabled":false,"rotatable":false,"acceptSslCerts":false,"nativeEvents":true,"proxy":{"proxyType":"direct"}}
[INFO  - 2019-07-23T04:59:39.496Z] SessionManagerReqHand - _postNewSessionCommand - New Session Created: acf8db30-ad06-11e9-8b7b-47190872a9fc
[INFO  - 2019-07-23T05:01:50.836Z] GhostDriver - Main - running on port 39436
[INFO  - 2019-07-23T05:01:51.188Z] Session [fb7775f0-ad06-11e9-8625-61218bf5de4e] - page.settings - {"XSSAuditingEnabled":false,"javascriptCanCloseWindows":true,"javascriptCanOpenWindows":true,"javascriptEnabled":true,"loadImages":true,"localToRemoteUrlAccessEnabled":false,"userAgent":"Mozilla/5.0 (Windows NT 6.2; WOW64) AppleWebKit/538.1 (KHTML, like Gecko) PhantomJS/2.1.1 Safari/538.1","webSecurityEnabled":true}
[INFO  - 2019-07-23T05:01:51.188Z] Session [fb7775f0-ad06-11e9-8625-61218bf5de4e] - page.customHeaders:  - {}
[INFO  - 2019-07-23T05:01:51.188Z] Session [fb7775f0-ad06-11e9-8625-61218bf5de4e] - Session.negotiatedCapabilities - {"browserName":"phantomjs","version":"2.1.1","driverName":"ghostdriver","driverVersion":"1.2.0","platform":"windows-10-32bit","javascriptEnabled":true,"takesScreenshot":true,"handlesAlerts":false,"databaseEnabled":false,"locationContextEnabled":false,"applicationCacheEnabled":false,"browserConnectionEnabled":false,"cssSelectorsEnabled":true,"webStorageEnabled":false,"rotatable":false,"acceptSslCerts":false,"nativeEvents":true,"proxy":{"proxyType":"direct"}}
[INFO  - 2019-07-23T05:01:51.188Z] SessionManagerReqHand - _postNewSessionCommand - New Session Created: fb7775f0-ad06-11e9-8625-61218bf5de4e
[INFO  - 2019-07-23T05:06:50.839Z] SessionManagerReqHand - _cleanupWindowlessSessions - Asynchronous Sessions clean-up phase starting NOW
[INFO  - 2019-07-23T05:11:50.839Z] SessionManagerReqHand - _cleanupWindowlessSessions - Asynchronous Sessions clean-up phase starting NOW
[INFO  - 2019-07-23T05:16:50.839Z] SessionManagerReqHand - _cleanupWindowlessSessions - Asynchronous Sessions clean-up phase starting NOW
[INFO  - 2019-07-23T05:21:50.851Z] SessionManagerReqHand - _cleanupWindowlessSessions - Asynchronous Sessions clean-up phase starting NOW
[INFO  - 2019-07-23T05:26:50.853Z] SessionManagerReqHand - _cleanupWindowlessSessions - Asynchronous Sessions clean-up phase starting NOW
[INFO  - 2019-07-23T05:31:50.857Z] SessionManagerReqHand - _cleanupWindowlessSessions - Asynchronous Sessions clean-up phase starting NOW
[INFO  - 2019-07-23T05:36:50.857Z] SessionManagerReqHand - _cleanupWindowlessSessions - Asynchronous Sessions clean-up phase starting NOW
[INFO  - 2019-07-23T05:41:50.857Z] SessionManagerReqHand - _cleanupWindowlessSessions - Asynchronous Sessions clean-up phase starting NOW
[INFO  - 2019-07-23T05:46:50.869Z] SessionManagerReqHand - _cleanupWindowlessSessions - Asynchronous Sessions clean-up phase starting NOW
[INFO  - 2019-07-23T05:51:50.870Z] SessionManagerReqHand - _cleanupWindowlessSessions - Asynchronous Sessions clean-up phase starting NOW
[INFO  - 2019-07-23T05:56:50.869Z] SessionManagerReqHand - _cleanupWindowlessSessions - Asynchronous Sessions clean-up phase starting NOW
[INFO  - 2019-07-23T06:01:50.871Z] SessionManagerReqHand - _cleanupWindowlessSessions - Asynchronous Sessions clean-up phase starting NOW
Z] Session [8ac0de30-ad08-11e9-be6a-45bb11accc95] - page.settings - {"XSSAuditingEnabled":false,"javascriptCanCloseWindows":true,"javascriptCanOpenWindows":true,"javascriptEnabled":true,"loadImages":true,"localToRemoteUrlAccessEnabled":false,"userAgent":"Mozilla/5.0 (Windows NT 6.2; WOW64) AppleWebKit/538.1 (KHTML, like Gecko) PhantomJS/2.1.1 Safari/538.1","webSecurityEnabled":true}
[INFO  - 2019-07-23T05:13:01.079Z] Session [8ac0de30-ad08-11e9-be6a-45bb11accc95] - page.customHeaders:  - {}
[INFO  - 2019-07-23T05:13:01.080Z] Session [8ac0de30-ad08-11e9-be6a-45bb11accc95] - Session.negotiatedCapabilities - {"browserName":"phantomjs","version":"2.1.1","driverName":"ghostdriver","driverVersion":"1.2.0","platform":"windows-10-32bit","javascriptEnabled":true,"takesScreenshot":true,"handlesAlerts":false,"databaseEnabled":false,"locationContextEnabled":false,"applicationCacheEnabled":false,"browserConnectionEnabled":false,"cssSelectorsEnabled":true,"webStorageEnabled":false,"rotatable":false,"acceptSslCerts":false,"nativeEvents":true,"proxy":{"proxyType":"direct"}}
[INFO  - 2019-07-23T05:13:01.080Z] SessionManagerReqHand - _postNewSessionCommand - New Session Created: 8ac0de30-ad08-11e9-be6a-45bb11accc95
[INFO  - 2019-07-23T05:13:09.676Z] ShutdownReqHand - _handle - About to shutdown
[INFO  - 2019-07-23T05:14:00.028Z] GhostDriver - Main - running on port 32970
[INFO  - 2019-07-23T05:14:00.281Z] Session [ae0a6050-ad08-11e9-bdc8-e19710f0e1ca] - page.settings - {"XSSAuditingEnabled":false,"javascriptCanCloseWindows":true,"javascriptCanOpenWindows":true,"javascriptEnabled":true,"loadImages":true,"localToRemoteUrlAccessEnabled":false,"userAgent":"Mozilla/5.0 (Windows NT 6.2; WOW64) AppleWebKit/538.1 (KHTML, like Gecko) PhantomJS/2.1.1 Safari/538.1","webSecurityEnabled":true}
[INFO  - 2019-07-23T05:14:00.281Z] Session [ae0a6050-ad08-11e9-bdc8-e19710f0e1ca] - page.customHeaders:  - {}
[INFO  - 2019-07-23T05:14:00.281Z] Session [ae0a6050-ad08-11e9-bdc8-e19710f0e1ca] - Session.negotiatedCapabilities - {"browserName":"phantomjs","version":"2.1.1","driverName":"ghostdriver","driverVersion":"1.2.0","platform":"windows-10-32bit","javascriptEnabled":true,"takesScreenshot":true,"handlesAlerts":false,"databaseEnabled":false,"locationContextEnabled":false,"applicationCacheEnabled":false,"browserConnectionEnabled":false,"cssSelectorsEnabled":true,"webStorageEnabled":false,"rotatable":false,"acceptSslCerts":false,"nativeEvents":true,"proxy":{"proxyType":"direct"}}
[INFO  - 2019-07-23T05:14:00.282Z] SessionManagerReqHand - _postNewSessionCommand - New Session Created: ae0a6050-ad08-11e9-bdc8-e19710f0e1ca
[INFO  - 2019-07-23T05:17:32.776Z] GhostDriver - Main - running on port 34931
[INFO  - 2019-07-23T05:17:33.074Z] Session [2ce002e0-ad09-11e9-b54e-1b871264dfa5] - page.settings - {"XSSAuditingEnabled":false,"javascriptCanCloseWindows":true,"javascriptCanOpenWindows":true,"javascriptEnabled":true,"loadImages":true,"localToRemoteUrlAccessEnabled":false,"userAgent":"Mozilla/5.0 (Windows NT 6.2; WOW64) AppleWebKit/538.1 (KHTML, like Gecko) PhantomJS/2.1.1 Safari/538.1","webSecurityEnabled":true}
[INFO  - 2019-07-23T05:17:33.074Z] Session [2ce002e0-ad09-11e9-b54e-1b871264dfa5] - page.customHeaders:  - {}
[INFO  - 2019-07-23T05:17:33.074Z] Session [2ce002e0-ad09-11e9-b54e-1b871264dfa5] - Session.negotiatedCapabilities - {"browserName":"phantomjs","version":"2.1.1","driverName":"ghostdriver","driverVersion":"1.2.0","platform":"windows-10-32bit","javascriptEnabled":true,"takesScreenshot":true,"handlesAlerts":false,"databaseEnabled":false,"locationContextEnabled":false,"applicationCacheEnabled":false,"browserConnectionEnabled":false,"cssSelectorsEnabled":true,"webStorageEnabled":false,"rotatable":false,"acceptSslCerts":false,"nativeEvents":true,"proxy":{"proxyType":"direct"}}
[INFO  - 2019-07-23T05:17:33.075Z] SessionManagerReqHand - _postNewSessionCommand - New Session Created: 2ce002e0-ad09-11e9-b54e-1b871264dfa5
[INFO  - 2019-07-23T05:22:18.360Z] GhostDriver - Main - running on port 36682
[INFO  - 2019-07-23T05:22:18.759Z] Session [d727ee20-ad09-11e9-91ac-0f2cbaf6cd60] - page.settings - {"XSSAuditingEnabled":false,"javascriptCanCloseWindows":true,"javascriptCanOpenWindows":true,"javascriptEnabled":true,"loadImages":true,"localToRemoteUrlAccessEnabled":false,"userAgent":"Mozilla/5.0 (Windows NT 6.2; WOW64) AppleWebKit/538.1 (KHTML, like Gecko) PhantomJS/2.1.1 Safari/538.1","webSecurityEnabled":true}
[INFO  - 2019-07-23T05:22:18.759Z] Session [d727ee20-ad09-11e9-91ac-0f2cbaf6cd60] - page.customHeaders:  - {}
[INFO  - 2019-07-23T05:22:18.759Z] Session [d727ee20-ad09-11e9-91ac-0f2cbaf6cd60] - Session.negotiatedCapabilities - {"browserName":"phantomjs","version":"2.1.1","driverName":"ghostdriver","driverVersion":"1.2.0","platform":"windows-10-32bit","javascriptEnabled":true,"takesScreenshot":true,"handlesAlerts":false,"databaseEnabled":false,"locationContextEnabled":false,"applicationCacheEnabled":false,"browserConnectionEnabled":false,"cssSelectorsEnabled":true,"webStorageEnabled":false,"rotatable":false,"acceptSslCerts":false,"nativeEvents":true,"proxy":{"proxyType":"direct"}}
[INFO  - 2019-07-23T05:22:18.760Z] SessionManagerReqHand - _postNewSessionCommand - New Session Created: d727ee20-ad09-11e9-91ac-0f2cbaf6cd60
[INFO  - 2019-07-23T05:26:23.728Z] GhostDriver - Main - running on port 41318
[INFO  - 2019-07-23T05:26:24.024Z] Session [69588d40-ad0a-11e9-ba85-3f5116d7a419] - page.settings - {"XSSAuditingEnabled":false,"javascriptCanCloseWindows":true,"javascriptCanOpenWindows":true,"javascriptEnabled":true,"loadImages":true,"localToRemoteUrlAccessEnabled":false,"userAgent":"Mozilla/5.0 (Windows NT 6.2; WOW64) AppleWebKit/538.1 (KHTML, like Gecko) PhantomJS/2.1.1 Safari/538.1","webSecurityEnabled":true}
[INFO  - 2019-07-23T05:26:24.024Z] Session [69588d40-ad0a-11e9-ba85-3f5116d7a419] - page.customHeaders:  - {}
[INFO  - 2019-07-23T05:26:24.025Z] Session [69588d40-ad0a-11e9-ba85-3f5116d7a419] - Session.negotiatedCapabilities - {"browserName":"phantomjs","version":"2.1.1","driverName":"ghostdriver","driverVersion":"1.2.0","platform":"windows-10-32bit","javascriptEnabled":true,"takesScreenshot":true,"handlesAlerts":false,"databaseEnabled":false,"locationContextEnabled":false,"applicationCacheEnabled":false,"browserConnectionEnabled":false,"cssSelectorsEnabled":true,"webStorageEnabled":false,"rotatable":false,"acceptSslCerts":false,"nativeEvents":true,"proxy":{"proxyType":"direct"}}
[INFO  - 2019-07-23T05:26:24.025Z] SessionManagerReqHand - _postNewSessionCommand - New Session Created: 69588d40-ad0a-11e9-ba85-3f5116d7a419
[INFO  - 2019-07-23T05:31:17.398Z] GhostDriver - Main - running on port 34293
[INFO  - 2019-07-23T05:31:17.689Z] Session [1861d120-ad0b-11e9-ac33-0fa81a42591f] - page.settings - {"XSSAuditingEnabled":false,"javascriptCanCloseWindows":true,"javascriptCanOpenWindows":true,"javascriptEnabled":true,"loadImages":true,"localToRemoteUrlAccessEnabled":false,"userAgent":"Mozilla/5.0 (Windows NT 6.2; WOW64) AppleWebKit/538.1 (KHTML, like Gecko) PhantomJS/2.1.1 Safari/538.1","webSecurityEnabled":true}
[INFO  - 2019-07-23T05:31:17.689Z] Session [1861d120-ad0b-11e9-ac33-0fa81a42591f] - page.customHeaders:  - {}
[INFO  - 2019-07-23T05:31:17.689Z] Session [1861d120-ad0b-11e9-ac33-0fa81a42591f] - Session.negotiatedCapabilities - {"browserName":"phantomjs","version":"2.1.1","driverName":"ghostdriver","driverVersion":"1.2.0","platform":"windows-10-32bit","javascriptEnabled":true,"takesScreenshot":true,"handlesAlerts":false,"databaseEnabled":false,"locationContextEnabled":false,"applicationCacheEnabled":false,"browserConnectionEnabled":false,"cssSelectorsEnabled":true,"webStorageEnabled":false,"rotatable":false,"acceptSslCerts":false,"nativeEvents":true,"proxy":{"proxyType":"direct"}}
[INFO  - 2019-07-23T05:31:17.689Z] SessionManagerReqHand - _postNewSessionCommand - New Session Created: 1861d120-ad0b-11e9-ac33-0fa81a42591f
[INFO  - 2019-07-23T05:36:17.401Z] SessionManagerReqHand - _cleanupWindowlessSessions - Asynchronous Sessions clean-up phase starting NOW
[INFO  - 2019-07-23T05:41:17.401Z] SessionManagerReqHand - _cleanupWindowlessSessions - Asynchronous Sessions clean-up phase starting NOW
[INFO  - 2019-07-23T05:43:23.535Z] GhostDriver - Main - running on port 22519
[INFO  - 2019-07-23T05:43:23.825Z] Session [c931aec0-ad0c-11e9-8015-7976ced53499] - page.settings - {"XSSAuditingEnabled":false,"javascriptCanCloseWindows":true,"javascriptCanOpenWindows":true,"javascriptEnabled":true,"loadImages":true,"localToRemoteUrlAccessEnabled":false,"userAgent":"Mozilla/5.0 (Windows NT 6.2; WOW64) AppleWebKit/538.1 (KHTML, like Gecko) PhantomJS/2.1.1 Safari/538.1","webSecurityEnabled":true}
[INFO  - 2019-07-23T05:43:23.825Z] Session [c931aec0-ad0c-11e9-8015-7976ced53499] - page.customHeaders:  - {}
[INFO  - 2019-07-23T05:43:23.825Z] Session [c931aec0-ad0c-11e9-8015-7976ced53499] - Session.negotiatedCapabilities - {"browserName":"phantomjs","version":"2.1.1","driverName":"ghostdriver","driverVersion":"1.2.0","platform":"windows-10-32bit","javascriptEnabled":true,"takesScreenshot":true,"handlesAlerts":false,"databaseEnabled":false,"locationContextEnabled":false,"applicationCacheEnabled":false,"browserConnectionEnabled":false,"cssSelectorsEnabled":true,"webStorageEnabled":false,"rotatable":false,"acceptSslCerts":false,"nativeEvents":true,"proxy":{"proxyType":"direct"}}
[INFO  - 2019-07-23T05:43:23.825Z] SessionManagerReqHand - _postNewSessionCommand - New Session Created: c931aec0-ad0c-11e9-8015-7976ced53499
[INFO  - 2019-07-23T05:48:23.540Z] SessionManagerReqHand - _cleanupWindowlessSessions - Asynchronous Sessions clean-up phase starting NOW
[INFO  - 2019-07-23T05:53:23.544Z] SessionManagerReqHand - _cleanupWindowlessSessions - Asynchronous Sessions clean-up phase starting NOW
[INFO  - 2019-07-23T05:57:53.925Z] GhostDriver - Main - running on port 27157
[INFO  - 2019-07-23T05:57:54.191Z] Session [cff925b0-ad0e-11e9-b932-2f27db9b84ed] - page.settings - {"XSSAuditingEnabled":false,"javascriptCanCloseWindows":true,"javascriptCanOpenWindows":true,"javascriptEnabled":true,"loadImages":true,"localToRemoteUrlAccessEnabled":false,"userAgent":"Mozilla/5.0 (Windows NT 6.2; WOW64) AppleWebKit/538.1 (KHTML, like Gecko) PhantomJS/2.1.1 Safari/538.1","webSecurityEnabled":true}
[INFO  - 2019-07-23T05:57:54.191Z] Session [cff925b0-ad0e-11e9-b932-2f27db9b84ed] - page.customHeaders:  - {}
[INFO  - 2019-07-23T05:57:54.191Z] Session [cff925b0-ad0e-11e9-b932-2f27db9b84ed] - Session.negotiatedCapabilities - {"browserName":"phantomjs","version":"2.1.1","driverName":"ghostdriver","driverVersion":"1.2.0","platform":"windows-10-32bit","javascriptEnabled":true,"takesScreenshot":true,"handlesAlerts":false,"databaseEnabled":false,"locationContextEnabled":false,"applicationCacheEnabled":false,"browserConnectionEnabled":false,"cssSelectorsEnabled":true,"webStorageEnabled":false,"rotatable":false,"acceptSslCerts":false,"nativeEvents":true,"proxy":{"proxyType":"direct"}}
[INFO  - 2019-07-23T05:57:54.191Z] SessionManagerReqHand - _postNewSessionCommand - New Session Created: cff925b0-ad0e-11e9-b932-2f27db9b84ed
[INFO  - 2019-07-23T06:00:18.684Z] ShutdownReqHand - _handle - About to shutdown
[INFO  - 2019-07-23T17:03:57.981Z] GhostDriver - Main - running on port 32838
[INFO  - 2019-07-23T17:03:59.085Z] Session [dce6f420-ad6b-11e9-bc69-39bb63107594] - page.settings - {"XSSAuditingEnabled":false,"javascriptCanCloseWindows":true,"javascriptCanOpenWindows":true,"javascriptEnabled":true,"loadImages":true,"localToRemoteUrlAccessEnabled":false,"userAgent":"Mozilla/5.0 (Windows NT 6.2; WOW64) AppleWebKit/538.1 (KHTML, like Gecko) PhantomJS/2.1.1 Safari/538.1","webSecurityEnabled":true}
[INFO  - 2019-07-23T17:03:59.085Z] Session [dce6f420-ad6b-11e9-bc69-39bb63107594] - page.customHeaders:  - {}
[INFO  - 2019-07-23T17:03:59.085Z] Session [dce6f420-ad6b-11e9-bc69-39bb63107594] - Session.negotiatedCapabilities - {"browserName":"phantomjs","version":"2.1.1","driverName":"ghostdriver","driverVersion":"1.2.0","platform":"windows-10-32bit","javascriptEnabled":true,"takesScreenshot":true,"handlesAlerts":false,"databaseEnabled":false,"locationContextEnabled":false,"applicationCacheEnabled":false,"browserConnectionEnabled":false,"cssSelectorsEnabled":true,"webStorageEnabled":false,"rotatable":false,"acceptSslCerts":false,"nativeEvents":true,"proxy":{"proxyType":"direct"}}
[INFO  - 2019-07-23T17:03:59.086Z] SessionManagerReqHand - _postNewSessionCommand - New Session Created: dce6f420-ad6b-11e9-bc69-39bb63107594
[INFO  - 2019-07-23T17:08:57.978Z] SessionManagerReqHand - _cleanupWindowlessSessions - Asynchronous Sessions clean-up phase starting NOW
[INFO  - 2019-07-23T17:13:57.981Z] SessionManagerReqHand - _cleanupWindowlessSessions - Asynchronous Sessions clean-up phase starting NOW
[INFO  - 2019-07-23T17:18:58.004Z] SessionManagerReqHand - _cleanupWindowlessSessions - Asynchronous Sessions clean-up phase starting NOW
[INFO  - 2019-07-23T17:23:58.009Z] SessionManagerReqHand - _cleanupWindowlessSessions - Asynchronous Sessions clean-up phase starting NOW
[INFO  - 2019-07-23T17:28:58.010Z] SessionManagerReqHand - _cleanupWindowlessSessions - Asynchronous Sessions clean-up phase starting NOW
[INFO  - 2019-07-23T17:33:58.010Z] SessionManagerReqHand - _cleanupWindowlessSessions - Asynchronous Sessions clean-up phase starting NOW
[INFO  - 2019-07-23T17:38:58.011Z] SessionManagerReqHand - _cleanupWindowlessSessions - Asynchronous Sessions clean-up phase starting NOW
[INFO  - 2019-07-23T17:43:58.037Z] SessionManagerReqHand - _cleanupWindowlessSessions - Asynchronous Sessions clean-up phase starting NOW
[INFO  - 2019-07-23T17:48:58.045Z] SessionManagerReqHand - _cleanupWindowlessSessions - Asynchronous Sessions clean-up phase starting NOW
[INFO  - 2019-07-23T17:53:58.075Z] SessionManagerReqHand - _cleanupWindowlessSessions - Asynchronous Sessions clean-up phase starting NOW
[INFO  - 2019-07-23T17:55:45.616Z] ShutdownReqHand - _handle - About to shutdown
[INFO  - 2020-07-13T23:44:07.404Z] GhostDriver - Main - running on port 45356
[INFO  - 2020-07-13T23:44:08.189Z] Session [be80a430-c562-11ea-a160-b5544c431349] - page.settings - {"XSSAuditingEnabled":false,"javascriptCanCloseWindows":true,"javascriptCanOpenWindows":true,"javascriptEnabled":true,"loadImages":true,"localToRemoteUrlAccessEnabled":false,"userAgent":"Mozilla/5.0 (Windows NT 6.2; WOW64) AppleWebKit/538.1 (KHTML, like Gecko) PhantomJS/2.1.1 Safari/538.1","webSecurityEnabled":true}
[INFO  - 2020-07-13T23:44:08.189Z] Session [be80a430-c562-11ea-a160-b5544c431349] - page.customHeaders:  - {}
[INFO  - 2020-07-13T23:44:08.189Z] Session [be80a430-c562-11ea-a160-b5544c431349] - Session.negotiatedCapabilities - {"browserName":"phantomjs","version":"2.1.1","driverName":"ghostdriver","driverVersion":"1.2.0","platform":"windows-10-32bit","javascriptEnabled":true,"takesScreenshot":true,"handlesAlerts":false,"databaseEnabled":false,"locationContextEnabled":false,"applicationCacheEnabled":false,"browserConnectionEnabled":false,"cssSelectorsEnabled":true,"webStorageEnabled":false,"rotatable":false,"acceptSslCerts":false,"nativeEvents":true,"proxy":{"proxyType":"direct"}}
[INFO  - 2020-07-13T23:44:08.190Z] SessionManagerReqHand - _postNewSessionCommand - New Session Created: be80a430-c562-11ea-a160-b5544c431349
[INFO  - 2020-07-13T23:44:16.766Z] ShutdownReqHand - _handle - About to shutdown
[INFO  - 2022-08-01T02:43:52.443Z] GhostDriver - Main - running on port 32031
[INFO  - 2022-08-01T02:43:53.737Z] Session [c82d81e0-1143-11ed-ad2f-3b88f702910d] - page.settings - {"XSSAuditingEnabled":false,"javascriptCanCloseWindows":true,"javascriptCanOpenWindows":true,"javascriptEnabled":true,"loadImages":true,"localToRemoteUrlAccessEnabled":false,"userAgent":"Mozilla/5.0 (Windows NT 6.2; WOW64) AppleWebKit/538.1 (KHTML, like Gecko) PhantomJS/2.1.1 Safari/538.1","webSecurityEnabled":true}
[INFO  - 2022-08-01T02:43:53.737Z] Session [c82d81e0-1143-11ed-ad2f-3b88f702910d] - page.customHeaders:  - {}
[INFO  - 2022-08-01T02:43:53.738Z] Session [c82d81e0-1143-11ed-ad2f-3b88f702910d] - Session.negotiatedCapabilities - {"browserName":"phantomjs","version":"2.1.1","driverName":"ghostdriver","driverVersion":"1.2.0","platform":"windows-10-32bit","javascriptEnabled":true,"takesScreenshot":true,"handlesAlerts":false,"databaseEnabled":false,"locationContextEnabled":false,"applicationCacheEnabled":false,"browserConnectionEnabled":false,"cssSelectorsEnabled":true,"webStorageEnabled":false,"rotatable":false,"acceptSslCerts":false,"nativeEvents":true,"proxy":{"proxyType":"direct"}}
[INFO  - 2022-08-01T02:43:53.738Z] SessionManagerReqHand - _postNewSessionCommand - New Session Created: c82d81e0-1143-11ed-ad2f-3b88f702910d
[INFO  - 2022-08-01T02:43:56.808Z] ShutdownReqHand - _handle - About to shutdown
[INFO  - 2022-08-01T02:48:18.037Z] GhostDriver - Main - running on port 29757
[INFO  - 2022-08-01T02:48:19.127Z] Session [665ccec0-1144-11ed-9c8d-df460d7519e9] - page.settings - {"XSSAuditingEnabled":false,"javascriptCanCloseWindows":true,"javascriptCanOpenWindows":true,"javascriptEnabled":true,"loadImages":true,"localToRemoteUrlAccessEnabled":false,"userAgent":"Mozilla/5.0 (Windows NT 6.2; WOW64) AppleWebKit/538.1 (KHTML, like Gecko) PhantomJS/2.1.1 Safari/538.1","webSecurityEnabled":true}
[INFO  - 2022-08-01T02:48:19.127Z] Session [665ccec0-1144-11ed-9c8d-df460d7519e9] - page.customHeaders:  - {}
[INFO  - 2022-08-01T02:48:19.127Z] Session [665ccec0-1144-11ed-9c8d-df460d7519e9] - Session.negotiatedCapabilities - {"browserName":"phantomjs","version":"2.1.1","driverName":"ghostdriver","driverVersion":"1.2.0","platform":"windows-10-32bit","javascriptEnabled":true,"takesScreenshot":true,"handlesAlerts":false,"databaseEnabled":false,"locationContextEnabled":false,"applicationCacheEnabled":false,"browserConnectionEnabled":false,"cssSelectorsEnabled":true,"webStorageEnabled":false,"rotatable":false,"acceptSslCerts":false,"nativeEvents":true,"proxy":{"proxyType":"direct"}}
[INFO  - 2022-08-01T02:48:19.128Z] SessionManagerReqHand - _postNewSessionCommand - New Session Created: 665ccec0-1144-11ed-9c8d-df460d7519e9
[INFO  - 2022-08-01T02:48:21.606Z] ShutdownReqHand - _handle - About to shutdown
[INFO  - 2023-01-18T03:19:03.490Z] GhostDriver - Main - running on port 23794
[INFO  - 2023-01-18T03:19:04.196Z] Session [dc569000-96de-11ed-9f74-f3f644aa64e9] - page.settings - {"XSSAuditingEnabled":false,"javascriptCanCloseWindows":true,"javascriptCanOpenWindows":true,"javascriptEnabled":true,"loadImages":true,"localToRemoteUrlAccessEnabled":false,"userAgent":"Mozilla/5.0 (Windows NT 6.2; WOW64) AppleWebKit/538.1 (KHTML, like Gecko) PhantomJS/2.1.1 Safari/538.1","webSecurityEnabled":true}
[INFO  - 2023-01-18T03:19:04.196Z] Session [dc569000-96de-11ed-9f74-f3f644aa64e9] - page.customHeaders:  - {}
[INFO  - 2023-01-18T03:19:04.196Z] Session [dc569000-96de-11ed-9f74-f3f644aa64e9] - Session.negotiatedCapabilities - {"browserName":"phantomjs","version":"2.1.1","driverName":"ghostdriver","driverVersion":"1.2.0","platform":"windows-10-32bit","javascriptEnabled":true,"takesScreenshot":true,"handlesAlerts":false,"databaseEnabled":false,"locationContextEnabled":false,"applicationCacheEnabled":false,"browserConnectionEnabled":false,"cssSelectorsEnabled":true,"webStorageEnabled":false,"rotatable":false,"acceptSslCerts":false,"nativeEvents":true,"proxy":{"proxyType":"direct"}}
[INFO  - 2023-01-18T03:19:04.197Z] SessionManagerReqHand - _postNewSessionCommand - New Session Created: dc569000-96de-11ed-9f74-f3f644aa64e9
[INFO  - 2023-01-18T03:19:10.094Z] ShutdownReqHand - _handle - About to shutdown
[INFO  - 2023-01-18T03:23:03.770Z] GhostDriver - Main - running on port 34595
[INFO  - 2023-01-18T03:23:04.061Z] Session [6b4f0e90-96df-11ed-af7d-2131f86e3039] - page.settings - {"XSSAuditingEnabled":false,"javascriptCanCloseWindows":true,"javascriptCanOpenWindows":true,"javascriptEnabled":true,"loadImages":true,"localToRemoteUrlAccessEnabled":false,"userAgent":"Mozilla/5.0 (Windows NT 6.2; WOW64) AppleWebKit/538.1 (KHTML, like Gecko) PhantomJS/2.1.1 Safari/538.1","webSecurityEnabled":true}
[INFO  - 2023-01-18T03:23:04.061Z] Session [6b4f0e90-96df-11ed-af7d-2131f86e3039] - page.customHeaders:  - {}
[INFO  - 2023-01-18T03:23:04.061Z] Session [6b4f0e90-96df-11ed-af7d-2131f86e3039] - Session.negotiatedCapabilities - {"browserName":"phantomjs","version":"2.1.1","driverName":"ghostdriver","driverVersion":"1.2.0","platform":"windows-10-32bit","javascriptEnabled":true,"takesScreenshot":true,"handlesAlerts":false,"databaseEnabled":false,"locationContextEnabled":false,"applicationCacheEnabled":false,"browserConnectionEnabled":false,"cssSelectorsEnabled":true,"webStorageEnabled":false,"rotatable":false,"acceptSslCerts":false,"nativeEvents":true,"proxy":{"proxyType":"direct"}}
[INFO  - 2023-01-18T03:23:04.062Z] SessionManagerReqHand - _postNewSessionCommand - New Session Created: 6b4f0e90-96df-11ed-af7d-2131f86e3039
[INFO  - 2023-01-18T03:23:06.414Z] ShutdownReqHand - _handle - About to shutdown
[INFO  - 2023-01-18T03:27:55.520Z] GhostDriver - Main - running on port 44192
[INFO  - 2023-01-18T03:27:55.847Z] Session [19399c00-96e0-11ed-a81c-d922e7b421c0] - page.settings - {"XSSAuditingEnabled":false,"javascriptCanCloseWindows":true,"javascriptCanOpenWindows":true,"javascriptEnabled":true,"loadImages":true,"localToRemoteUrlAccessEnabled":false,"userAgent":"Mozilla/5.0 (Windows NT 6.2; WOW64) AppleWebKit/538.1 (KHTML, like Gecko) PhantomJS/2.1.1 Safari/538.1","webSecurityEnabled":true}
[INFO  - 2023-01-18T03:27:55.847Z] Session [19399c00-96e0-11ed-a81c-d922e7b421c0] - page.customHeaders:  - {}
[INFO  - 2023-01-18T03:27:55.847Z] Session [19399c00-96e0-11ed-a81c-d922e7b421c0] - Session.negotiatedCapabilities - {"browserName":"phantomjs","version":"2.1.1","driverName":"ghostdriver","driverVersion":"1.2.0","platform":"windows-10-32bit","javascriptEnabled":true,"takesScreenshot":true,"handlesAlerts":false,"databaseEnabled":false,"locationContextEnabled":false,"applicationCacheEnabled":false,"browserConnectionEnabled":false,"cssSelectorsEnabled":true,"webStorageEnabled":false,"rotatable":false,"acceptSslCerts":false,"nativeEvents":true,"proxy":{"proxyType":"direct"}}
[INFO  - 2023-01-18T03:27:55.847Z] SessionManagerReqHand - _postNewSessionCommand - New Session Created: 19399c00-96e0-11ed-a81c-d922e7b421c0
[INFO  - 2023-01-18T03:27:58.651Z] ShutdownReqHand - _handle - About to shutdown
[INFO  - 2023-01-18T03:43:44.715Z] GhostDriver - Main - running on port 36721
[INFO  - 2023-01-18T03:43:44.998Z] Session [4ef6b600-96e2-11ed-a2a6-51ca555b9fc9] - page.settings - {"XSSAuditingEnabled":false,"javascriptCanCloseWindows":true,"javascriptCanOpenWindows":true,"javascriptEnabled":true,"loadImages":true,"localToRemoteUrlAccessEnabled":false,"userAgent":"Mozilla/5.0 (Windows NT 6.2; WOW64) AppleWebKit/538.1 (KHTML, like Gecko) PhantomJS/2.1.1 Safari/538.1","webSecurityEnabled":true}
[INFO  - 2023-01-18T03:43:44.998Z] Session [4ef6b600-96e2-11ed-a2a6-51ca555b9fc9] - page.customHeaders:  - {}
[INFO  - 2023-01-18T03:43:44.998Z] Session [4ef6b600-96e2-11ed-a2a6-51ca555b9fc9] - Session.negotiatedCapabilities - {"browserName":"phantomjs","version":"2.1.1","driverName":"ghostdriver","driverVersion":"1.2.0","platform":"windows-10-32bit","javascriptEnabled":true,"takesScreenshot":true,"handlesAlerts":false,"databaseEnabled":false,"locationContextEnabled":false,"applicationCacheEnabled":false,"browserConnectionEnabled":false,"cssSelectorsEnabled":true,"webStorageEnabled":false,"rotatable":false,"acceptSslCerts":false,"nativeEvents":true,"proxy":{"proxyType":"direct"}}
[INFO  - 2023-01-18T03:43:44.998Z] SessionManagerReqHand - _postNewSessionCommand - New Session Created: 4ef6b600-96e2-11ed-a2a6-51ca555b9fc9
[INFO  - 2023-01-18T03:43:48.337Z] ShutdownReqHand - _handle - About to shutdown
[INFO  - 2023-01-18T03:45:37.664Z] GhostDriver - Main - running on port 12003
[INFO  - 2023-01-18T03:45:37.949Z] Session [9249d180-96e2-11ed-aea7-e751e2b2ca40] - page.settings - {"XSSAuditingEnabled":false,"javascriptCanCloseWindows":true,"javascriptCanOpenWindows":true,"javascriptEnabled":true,"loadImages":true,"localToRemoteUrlAccessEnabled":false,"userAgent":"Mozilla/5.0 (Windows NT 6.2; WOW64) AppleWebKit/538.1 (KHTML, like Gecko) PhantomJS/2.1.1 Safari/538.1","webSecurityEnabled":true}
[INFO  - 2023-01-18T03:45:37.949Z] Session [9249d180-96e2-11ed-aea7-e751e2b2ca40] - page.customHeaders:  - {}
[INFO  - 2023-01-18T03:45:37.950Z] Session [9249d180-96e2-11ed-aea7-e751e2b2ca40] - Session.negotiatedCapabilities - {"browserName":"phantomjs","version":"2.1.1","driverName":"ghostdriver","driverVersion":"1.2.0","platform":"windows-10-32bit","javascriptEnabled":true,"takesScreenshot":true,"handlesAlerts":false,"databaseEnabled":false,"locationContextEnabled":false,"applicationCacheEnabled":false,"browserConnectionEnabled":false,"cssSelectorsEnabled":true,"webStorageEnabled":false,"rotatable":false,"acceptSslCerts":false,"nativeEvents":true,"proxy":{"proxyType":"direct"}}
[INFO  - 2023-01-18T03:45:37.950Z] SessionManagerReqHand - _postNewSessionCommand - New Session Created: 9249d180-96e2-11ed-aea7-e751e2b2ca40
[INFO  - 2023-01-18T03:45:40.486Z] ShutdownReqHand - _handle - About to shutdown
[INFO  - 2023-01-18T03:48:57.285Z] GhostDriver - Main - running on port 41891
[INFO  - 2023-01-18T03:48:57.591Z] Session [0948c520-96e3-11ed-957d-1dc7165b1a5f] - page.settings - {"XSSAuditingEnabled":false,"javascriptCanCloseWindows":true,"javascriptCanOpenWindows":true,"javascriptEnabled":true,"loadImages":true,"localToRemoteUrlAccessEnabled":false,"userAgent":"Mozilla/5.0 (Windows NT 6.2; WOW64) AppleWebKit/538.1 (KHTML, like Gecko) PhantomJS/2.1.1 Safari/538.1","webSecurityEnabled":true}
[INFO  - 2023-01-18T03:48:57.591Z] Session [0948c520-96e3-11ed-957d-1dc7165b1a5f] - page.customHeaders:  - {}
[INFO  - 2023-01-18T03:48:57.591Z] Session [0948c520-96e3-11ed-957d-1dc7165b1a5f] - Session.negotiatedCapabilities - {"browserName":"phantomjs","version":"2.1.1","driverName":"ghostdriver","driverVersion":"1.2.0","platform":"windows-10-32bit","javascriptEnabled":true,"takesScreenshot":true,"handlesAlerts":false,"databaseEnabled":false,"locationContextEnabled":false,"applicationCacheEnabled":false,"browserConnectionEnabled":false,"cssSelectorsEnabled":true,"webStorageEnabled":false,"rotatable":false,"acceptSslCerts":false,"nativeEvents":true,"proxy":{"proxyType":"direct"}}
[INFO  - 2023-01-18T03:48:57.591Z] SessionManagerReqHand - _postNewSessionCommand - New Session Created: 0948c520-96e3-11ed-957d-1dc7165b1a5f
[INFO  - 2023-01-18T03:49:02.445Z] ShutdownReqHand - _handle - About to shutdown
[INFO  - 2023-01-18T03:54:52.942Z] GhostDriver - Main - running on port 36050
[INFO  - 2023-01-18T03:54:53.236Z] Session [dd43e3f0-96e3-11ed-9fa2-e9b5b7de375c] - page.settings - {"XSSAuditingEnabled":false,"javascriptCanCloseWindows":true,"javascriptCanOpenWindows":true,"javascriptEnabled":true,"loadImages":true,"localToRemoteUrlAccessEnabled":false,"userAgent":"Mozilla/5.0 (Windows NT 6.2; WOW64) AppleWebKit/538.1 (KHTML, like Gecko) PhantomJS/2.1.1 Safari/538.1","webSecurityEnabled":true}
[INFO  - 2023-01-18T03:54:53.236Z] Session [dd43e3f0-96e3-11ed-9fa2-e9b5b7de375c] - page.customHeaders:  - {}
[INFO  - 2023-01-18T03:54:53.236Z] Session [dd43e3f0-96e3-11ed-9fa2-e9b5b7de375c] - Session.negotiatedCapabilities - {"browserName":"phantomjs","version":"2.1.1","driverName":"ghostdriver","driverVersion":"1.2.0","platform":"windows-10-32bit","javascriptEnabled":true,"takesScreenshot":true,"handlesAlerts":false,"databaseEnabled":false,"locationContextEnabled":false,"applicationCacheEnabled":false,"browserConnectionEnabled":false,"cssSelectorsEnabled":true,"webStorageEnabled":false,"rotatable":false,"acceptSslCerts":false,"nativeEvents":true,"proxy":{"proxyType":"direct"}}
[INFO  - 2023-01-18T03:54:53.236Z] SessionManagerReqHand - _postNewSessionCommand - New Session Created: dd43e3f0-96e3-11ed-9fa2-e9b5b7de375c
[INFO  - 2023-01-18T03:54:56.039Z] ShutdownReqHand - _handle - About to shutdown
[INFO  - 2023-01-18T03:57:29.631Z] GhostDriver - Main - running on port 4105
[INFO  - 2023-01-18T03:57:29.947Z] Session [3aac1760-96e4-11ed-b410-41cb084e22f1] - page.settings - {"XSSAuditingEnabled":false,"javascriptCanCloseWindows":true,"javascriptCanOpenWindows":true,"javascriptEnabled":true,"loadImages":true,"localToRemoteUrlAccessEnabled":false,"userAgent":"Mozilla/5.0 (Windows NT 6.2; WOW64) AppleWebKit/538.1 (KHTML, like Gecko) PhantomJS/2.1.1 Safari/538.1","webSecurityEnabled":true}
[INFO  - 2023-01-18T03:57:29.947Z] Session [3aac1760-96e4-11ed-b410-41cb084e22f1] - page.customHeaders:  - {}
[INFO  - 2023-01-18T03:57:29.947Z] Session [3aac1760-96e4-11ed-b410-41cb084e22f1] - Session.negotiatedCapabilities - {"browserName":"phantomjs","version":"2.1.1","driverName":"ghostdriver","driverVersion":"1.2.0","platform":"windows-10-32bit","javascriptEnabled":true,"takesScreenshot":true,"handlesAlerts":false,"databaseEnabled":false,"locationContextEnabled":false,"applicationCacheEnabled":false,"browserConnectionEnabled":false,"cssSelectorsEnabled":true,"webStorageEnabled":false,"rotatable":false,"acceptSslCerts":false,"nativeEvents":true,"proxy":{"proxyType":"direct"}}
[INFO  - 2023-01-18T03:57:29.947Z] SessionManagerReqHand - _postNewSessionCommand - New Session Created: 3aac1760-96e4-11ed-b410-41cb084e22f1
[INFO  - 2023-01-18T03:57:32.284Z] ShutdownReqHand - _handle - About to shutdown
[INFO  - 2023-01-18T14:24:24.185Z] GhostDriver - Main - running on port 41853
[INFO  - 2023-01-18T14:24:24.445Z] Session [cea92690-973b-11ed-a5db-9d879d54a8e7] - page.settings - {"XSSAuditingEnabled":false,"javascriptCanCloseWindows":true,"javascriptCanOpenWindows":true,"javascriptEnabled":true,"loadImages":true,"localToRemoteUrlAccessEnabled":false,"userAgent":"Mozilla/5.0 (Windows NT 6.2; WOW64) AppleWebKit/538.1 (KHTML, like Gecko) PhantomJS/2.1.1 Safari/538.1","webSecurityEnabled":true}
[INFO  - 2023-01-18T14:24:24.445Z] Session [cea92690-973b-11ed-a5db-9d879d54a8e7] - page.customHeaders:  - {}
[INFO  - 2023-01-18T14:24:24.445Z] Session [cea92690-973b-11ed-a5db-9d879d54a8e7] - Session.negotiatedCapabilities - {"browserName":"phantomjs","version":"2.1.1","driverName":"ghostdriver","driverVersion":"1.2.0","platform":"windows-10-32bit","javascriptEnabled":true,"takesScreenshot":true,"handlesAlerts":false,"databaseEnabled":false,"locationContextEnabled":false,"applicationCacheEnabled":false,"browserConnectionEnabled":false,"cssSelectorsEnabled":true,"webStorageEnabled":false,"rotatable":false,"acceptSslCerts":false,"nativeEvents":true,"proxy":{"proxyType":"direct"}}
[INFO  - 2023-01-18T14:24:24.445Z] SessionManagerReqHand - _postNewSessionCommand - New Session Created: cea92690-973b-11ed-a5db-9d879d54a8e7
[INFO  - 2023-01-18T14:24:30.240Z] ShutdownReqHand - _handle - About to shutdown
[INFO  - 2023-01-18T14:27:36.969Z] GhostDriver - Main - running on port 9873
[INFO  - 2023-01-18T14:27:37.300Z] Session [419c7d00-973c-11ed-9317-d118c82db4e5] - page.settings - {"XSSAuditingEnabled":false,"javascriptCanCloseWindows":true,"javascriptCanOpenWindows":true,"javascriptEnabled":true,"loadImages":true,"localToRemoteUrlAccessEnabled":false,"userAgent":"Mozilla/5.0 (Windows NT 6.2; WOW64) AppleWebKit/538.1 (KHTML, like Gecko) PhantomJS/2.1.1 Safari/538.1","webSecurityEnabled":true}
[INFO  - 2023-01-18T14:27:37.301Z] Session [419c7d00-973c-11ed-9317-d118c82db4e5] - page.customHeaders:  - {}
[INFO  - 2023-01-18T14:27:37.301Z] Session [419c7d00-973c-11ed-9317-d118c82db4e5] - Session.negotiatedCapabilities - {"browserName":"phantomjs","version":"2.1.1","driverName":"ghostdriver","driverVersion":"1.2.0","platform":"windows-10-32bit","javascriptEnabled":true,"takesScreenshot":true,"handlesAlerts":false,"databaseEnabled":false,"locationContextEnabled":false,"applicationCacheEnabled":false,"browserConnectionEnabled":false,"cssSelectorsEnabled":true,"webStorageEnabled":false,"rotatable":false,"acceptSslCerts":false,"nativeEvents":true,"proxy":{"proxyType":"direct"}}
[INFO  - 2023-01-18T14:27:37.301Z] SessionManagerReqHand - _postNewSessionCommand - New Session Created: 419c7d00-973c-11ed-9317-d118c82db4e5
[INFO  - 2023-01-18T14:27:52.806Z] ShutdownReqHand - _handle - About to shutdown
[INFO  - 2023-01-18T14:35:21.350Z] GhostDriver - Main - running on port 24781
[INFO  - 2023-01-18T14:35:21.677Z] Session [5666a480-973d-11ed-a2d5-4921fe669a3f] - page.settings - {"XSSAuditingEnabled":false,"javascriptCanCloseWindows":true,"javascriptCanOpenWindows":true,"javascriptEnabled":true,"loadImages":true,"localToRemoteUrlAccessEnabled":false,"userAgent":"Mozilla/5.0 (Windows NT 6.2; WOW64) AppleWebKit/538.1 (KHTML, like Gecko) PhantomJS/2.1.1 Safari/538.1","webSecurityEnabled":true}
[INFO  - 2023-01-18T14:35:21.677Z] Session [5666a480-973d-11ed-a2d5-4921fe669a3f] - page.customHeaders:  - {}
[INFO  - 2023-01-18T14:35:21.677Z] Session [5666a480-973d-11ed-a2d5-4921fe669a3f] - Session.negotiatedCapabilities - {"browserName":"phantomjs","version":"2.1.1","driverName":"ghostdriver","driverVersion":"1.2.0","platform":"windows-10-32bit","javascriptEnabled":true,"takesScreenshot":true,"handlesAlerts":false,"databaseEnabled":false,"locationContextEnabled":false,"applicationCacheEnabled":false,"browserConnectionEnabled":false,"cssSelectorsEnabled":true,"webStorageEnabled":false,"rotatable":false,"acceptSslCerts":false,"nativeEvents":true,"proxy":{"proxyType":"direct"}}
[INFO  - 2023-01-18T14:35:21.677Z] SessionManagerReqHand - _postNewSessionCommand - New Session Created: 5666a480-973d-11ed-a2d5-4921fe669a3f
[INFO  - 2023-01-18T14:42:10.923Z] GhostDriver - Main - running on port 27190
[INFO  - 2023-01-18T14:42:11.267Z] Session [4a8944f0-973e-11ed-8eab-f1b214184697] - page.settings - {"XSSAuditingEnabled":false,"javascriptCanCloseWindows":true,"javascriptCanOpenWindows":true,"javascriptEnabled":true,"loadImages":true,"localToRemoteUrlAccessEnabled":false,"userAgent":"Mozilla/5.0 (Windows NT 6.2; WOW64) AppleWebKit/538.1 (KHTML, like Gecko) PhantomJS/2.1.1 Safari/538.1","webSecurityEnabled":true}
[INFO  - 2023-01-18T14:42:11.267Z] Session [4a8944f0-973e-11ed-8eab-f1b214184697] - page.customHeaders:  - {}
[INFO  - 2023-01-18T14:42:11.267Z] Session [4a8944f0-973e-11ed-8eab-f1b214184697] - Session.negotiatedCapabilities - {"browserName":"phantomjs","version":"2.1.1","driverName":"ghostdriver","driverVersion":"1.2.0","platform":"windows-10-32bit","javascriptEnabled":true,"takesScreenshot":true,"handlesAlerts":false,"databaseEnabled":false,"locationContextEnabled":false,"applicationCacheEnabled":false,"browserConnectionEnabled":false,"cssSelectorsEnabled":true,"webStorageEnabled":false,"rotatable":false,"acceptSslCerts":false,"nativeEvents":true,"proxy":{"proxyType":"direct"}}
[INFO  - 2023-01-18T14:42:11.267Z] SessionManagerReqHand - _postNewSessionCommand - New Session Created: 4a8944f0-973e-11ed-8eab-f1b214184697
[INFO  - 2023-01-18T14:42:23.275Z] ShutdownReqHand - _handle - About to shutdown
[INFO  - 2023-01-18T15:24:33.841Z] GhostDriver - Main - running on port 36237
[INFO  - 2023-01-18T15:24:34.125Z] Session [36324d70-9744-11ed-84d5-0b3de1a229bc] - page.settings - {"XSSAuditingEnabled":false,"javascriptCanCloseWindows":true,"javascriptCanOpenWindows":true,"javascriptEnabled":true,"loadImages":true,"localToRemoteUrlAccessEnabled":false,"userAgent":"Mozilla/5.0 (Windows NT 6.2; WOW64) AppleWebKit/538.1 (KHTML, like Gecko) PhantomJS/2.1.1 Safari/538.1","webSecurityEnabled":true}
[INFO  - 2023-01-18T15:24:34.125Z] Session [36324d70-9744-11ed-84d5-0b3de1a229bc] - page.customHeaders:  - {}
[INFO  - 2023-01-18T15:24:34.126Z] Session [36324d70-9744-11ed-84d5-0b3de1a229bc] - Session.negotiatedCapabilities - {"browserName":"phantomjs","version":"2.1.1","driverName":"ghostdriver","driverVersion":"1.2.0","platform":"windows-10-32bit","javascriptEnabled":true,"takesScreenshot":true,"handlesAlerts":false,"databaseEnabled":false,"locationContextEnabled":false,"applicationCacheEnabled":false,"browserConnectionEnabled":false,"cssSelectorsEnabled":true,"webStorageEnabled":false,"rotatable":false,"acceptSslCerts":false,"nativeEvents":true,"proxy":{"proxyType":"direct"}}
[INFO  - 2023-01-18T15:24:34.126Z] SessionManagerReqHand - _postNewSessionCommand - New Session Created: 36324d70-9744-11ed-84d5-0b3de1a229bc
[INFO  - 2023-01-18T15:26:56.444Z] ShutdownReqHand - _handle - About to shutdown
[INFO  - 2023-01-18T16:01:42.624Z] GhostDriver - Main - running on port 27079
[INFO  - 2023-01-18T16:01:42.889Z] Session [66a4b330-9749-11ed-9fae-a564c00d1e66] - page.settings - {"XSSAuditingEnabled":false,"javascriptCanCloseWindows":true,"javascriptCanOpenWindows":true,"javascriptEnabled":true,"loadImages":true,"localToRemoteUrlAccessEnabled":false,"userAgent":"Mozilla/5.0 (Windows NT 6.2; WOW64) AppleWebKit/538.1 (KHTML, like Gecko) PhantomJS/2.1.1 Safari/538.1","webSecurityEnabled":true}
[INFO  - 2023-01-18T16:01:42.889Z] Session [66a4b330-9749-11ed-9fae-a564c00d1e66] - page.customHeaders:  - {}
[INFO  - 2023-01-18T16:01:42.889Z] Session [66a4b330-9749-11ed-9fae-a564c00d1e66] - Session.negotiatedCapabilities - {"browserName":"phantomjs","version":"2.1.1","driverName":"ghostdriver","driverVersion":"1.2.0","platform":"windows-10-32bit","javascriptEnabled":true,"takesScreenshot":true,"handlesAlerts":false,"databaseEnabled":false,"locationContextEnabled":false,"applicationCacheEnabled":false,"browserConnectionEnabled":false,"cssSelectorsEnabled":true,"webStorageEnabled":false,"rotatable":false,"acceptSslCerts":false,"nativeEvents":true,"proxy":{"proxyType":"direct"}}
[INFO  - 2023-01-18T16:01:42.890Z] SessionManagerReqHand - _postNewSessionCommand - New Session Created: 66a4b330-9749-11ed-9fae-a564c00d1e66
[INFO  - 2023-01-18T16:01:58.718Z] ShutdownReqHand - _handle - About to shutdown
[INFO  - 2023-01-18T16:03:56.877Z] GhostDriver - Main - running on port 7030
[INFO  - 2023-01-18T16:03:57.757Z] Session [b707c560-9749-11ed-912a-1dbbb3f09868] - page.settings - {"XSSAuditingEnabled":false,"javascriptCanCloseWindows":true,"javascriptCanOpenWindows":true,"javascriptEnabled":true,"loadImages":true,"localToRemoteUrlAccessEnabled":false,"userAgent":"Mozilla/5.0 (Windows NT 6.2; WOW64) AppleWebKit/538.1 (KHTML, like Gecko) PhantomJS/2.1.1 Safari/538.1","webSecurityEnabled":true}
[INFO  - 2023-01-18T16:03:57.757Z] Session [b707c560-9749-11ed-912a-1dbbb3f09868] - page.customHeaders:  - {}
[INFO  - 2023-01-18T16:03:57.757Z] Session [b707c560-9749-11ed-912a-1dbbb3f09868] - Session.negotiatedCapabilities - {"browserName":"phantomjs","version":"2.1.1","driverName":"ghostdriver","driverVersion":"1.2.0","platform":"windows-10-32bit","javascriptEnabled":true,"takesScreenshot":true,"handlesAlerts":false,"databaseEnabled":false,"locationContextEnabled":false,"applicationCacheEnabled":false,"browserConnectionEnabled":false,"cssSelectorsEnabled":true,"webStorageEnabled":false,"rotatable":false,"acceptSslCerts":false,"nativeEvents":true,"proxy":{"proxyType":"direct"}}
[INFO  - 2023-01-18T16:03:57.758Z] SessionManagerReqHand - _postNewSessionCommand - New Session Created: b707c560-9749-11ed-912a-1dbbb3f09868
[INFO  - 2023-01-18T16:04:02.840Z] ShutdownReqHand - _handle - About to shutdown
[INFO  - 2023-01-18T16:04:34.818Z] GhostDriver - Main - running on port 26696
[INFO  - 2023-01-18T16:04:35.098Z] Session [cd4a0360-9749-11ed-b1b5-0df055bf692e] - page.settings - {"XSSAuditingEnabled":false,"javascriptCanCloseWindows":true,"javascriptCanOpenWindows":true,"javascriptEnabled":true,"loadImages":true,"localToRemoteUrlAccessEnabled":false,"userAgent":"Mozilla/5.0 (Windows NT 6.2; WOW64) AppleWebKit/538.1 (KHTML, like Gecko) PhantomJS/2.1.1 Safari/538.1","webSecurityEnabled":true}
[INFO  - 2023-01-18T16:04:35.098Z] Session [cd4a0360-9749-11ed-b1b5-0df055bf692e] - page.customHeaders:  - {}
[INFO  - 2023-01-18T16:04:35.099Z] Session [cd4a0360-9749-11ed-b1b5-0df055bf692e] - Session.negotiatedCapabilities - {"browserName":"phantomjs","version":"2.1.1","driverName":"ghostdriver","driverVersion":"1.2.0","platform":"windows-10-32bit","javascriptEnabled":true,"takesScreenshot":true,"handlesAlerts":false,"databaseEnabled":false,"locationContextEnabled":false,"applicationCacheEnabled":false,"browserConnectionEnabled":false,"cssSelectorsEnabled":true,"webStorageEnabled":false,"rotatable":false,"acceptSslCerts":false,"nativeEvents":true,"proxy":{"proxyType":"direct"}}
[INFO  - 2023-01-18T16:04:35.099Z] SessionManagerReqHand - _postNewSessionCommand - New Session Created: cd4a0360-9749-11ed-b1b5-0df055bf692e
[INFO  - 2023-01-18T16:04:51.564Z] ShutdownReqHand - _handle - About to shutdown
